Unity Editor version:    2021.3.20f1 (577897200b8b)
Branch:                  2021.3/staging
Build type:              Release
Batch mode:              YES
macOS version:           Version 12.6.3 (Build 21G419)
Darwin version:          21.6.0
Architecture:            x86_64
Running under Rosetta:   NO
Available memory:        16384 MB
Using pre-set license
Pro License: YES

COMMAND LINE ARGUMENTS:
/Applications/Unity/Hub/Editor/2021.3.20f1/Unity.app/Contents/MacOS/Unity
-adb2
-batchMode
-noUpm
-name
AssetImportWorker0
-projectPath
/Users/ruhiyusuf/projects/vr-3d-painting
-logFile
Logs/AssetImportWorker0.log
-srvPort
65408
Successfully changed project path to: /Users/ruhiyusuf/projects/vr-3d-painting
/Users/ruhiyusuf/projects/vr-3d-painting
[UnityMemory] Configuration Parameters - Can be set up in boot.config
    "memorysetup-bucket-allocator-granularity=16"
    "memorysetup-bucket-allocator-bucket-count=8"
    "memorysetup-bucket-allocator-block-size=33554432"
    "memorysetup-bucket-allocator-block-count=8"
    "memorysetup-main-allocator-block-size=16777216"
    "memorysetup-thread-allocator-block-size=16777216"
    "memorysetup-gfx-main-allocator-block-size=16777216"
    "memorysetup-gfx-thread-allocator-block-size=16777216"
    "memorysetup-cache-allocator-block-size=4194304"
    "memorysetup-typetree-allocator-block-size=2097152"
    "memorysetup-profiler-bucket-allocator-granularity=16"
    "memorysetup-profiler-bucket-allocator-bucket-count=8"
    "memorysetup-profiler-bucket-allocator-block-size=33554432"
    "memorysetup-profiler-bucket-allocator-block-count=8"
    "memorysetup-profiler-allocator-block-size=16777216"
    "memorysetup-profiler-editor-allocator-block-size=1048576"
    "memorysetup-temp-allocator-size-main=16777216"
    "memorysetup-job-temp-allocator-block-size=2097152"
    "memorysetup-job-temp-allocator-block-size-background=1048576"
    "memorysetup-job-temp-allocator-reduction-small-platforms=262144"
    "memorysetup-temp-allocator-size-background-worker=32768"
    "memorysetup-temp-allocator-size-job-worker=262144"
    "memorysetup-temp-allocator-size-preload-manager=33554432"
    "memorysetup-temp-allocator-size-nav-mesh-worker=65536"
    "memorysetup-temp-allocator-size-audio-worker=65536"
    "memorysetup-temp-allocator-size-cloud-worker=32768"
    "memorysetup-temp-allocator-size-gi-baking-worker=262144"
    "memorysetup-temp-allocator-size-gfx=262144"
Player connection [4602152448] Host "[IP] 10.100.13.218 [Port] 0 [Flags] 2 [Guid] 1441429298 [EditorId] 1441429298 [Version] 1048832 [Id] OSXEditor(0,The-Ark.local) [Debug] 1 [PackageName] OSXEditor [ProjectName] Editor" joined multi-casting on [225.0.0.222:54997]...

Player connection [4602152448] Host "[IP] 10.100.13.218 [Port] 0 [Flags] 2 [Guid] 1441429298 [EditorId] 1441429298 [Version] 1048832 [Id] OSXEditor(0,The-Ark.local) [Debug] 1 [PackageName] OSXEditor [ProjectName] Editor" joined alternative multi-casting on [225.0.0.222:34997]...

Refreshing native plugins compatible for Editor in 100.47 ms, found 2 plugins.
Preloading 0 native plugins for Editor in 0.00 ms.
Initialize engine version: 2021.3.20f1 (577897200b8b)
[Subsystems] Discovering subsystems at path /Applications/Unity/Hub/Editor/2021.3.20f1/Unity.app/Contents/Resources/UnitySubsystems
[Subsystems] Discovering subsystems at path /Users/ruhiyusuf/projects/vr-3d-painting/Assets
GfxDevice: creating device client; threaded=0; jobified=0
Color LCD preferred device: Intel Iris Pro Graphics (low power)
Metal devices available: 2
0: AMD Radeon R9 M370X (high power)
1: Intel Iris Pro Graphics (low power)
Using device AMD Radeon R9 M370X (high power)
Initializing Metal device caps: AMD Radeon R9 M370X
Initialize mono
Mono path[0] = '/Applications/Unity/Hub/Editor/2021.3.20f1/Unity.app/Contents/Managed'
Mono path[1] = '/Applications/Unity/Hub/Editor/2021.3.20f1/Unity.app/Contents/MonoBleedingEdge/lib/mono/unityjit-macos'
Mono config path = '/Applications/Unity/Hub/Editor/2021.3.20f1/Unity.app/Contents/MonoBleedingEdge/etc'
Using monoOptions --debugger-agent=transport=dt_socket,embedding=1,server=y,suspend=n,address=127.0.0.1:56678
Begin MonoManager ReloadAssembly
Registering precompiled unity dll's ...
Register platform support module: /Applications/Unity/Hub/Editor/2021.3.20f1/PlaybackEngines/WebGLSupport/UnityEditor.WebGL.Extensions.dll
Register platform support module: /Applications/Unity/Hub/Editor/2021.3.20f1/Unity.app/Contents/PlaybackEngines/MacStandaloneSupport/UnityEditor.OSXStandalone.Extensions.dll
Registered in 0.001007 seconds.
Native extension for OSXStandalone target not found
Native extension for WebGL target not found
Refreshing native plugins compatible for Editor in 100.08 ms, found 2 plugins.
Preloading 0 native plugins for Editor in 0.00 ms.
Mono: successfully reloaded assembly
- Completed reload, in  0.888 seconds
Domain Reload Profiling:
	ReloadAssembly (889ms)
		BeginReloadAssembly (95ms)
			ExecutionOrderSort (0ms)
			DisableScriptedObjects (0ms)
			BackupInstance (0ms)
			ReleaseScriptingObjects (0ms)
			CreateAndSetChildDomain (1ms)
		EndReloadAssembly (649ms)
			LoadAssemblies (94ms)
			RebuildTransferFunctionScriptingTraits (0ms)
			SetupTypeCache (178ms)
			ReleaseScriptCaches (0ms)
			RebuildScriptCaches (44ms)
			SetupLoadedEditorAssemblies (364ms)
				LogAssemblyErrors (0ms)
				InitializePlatformSupportModulesInManaged (9ms)
				SetLoadedEditorAssemblies (0ms)
				RefreshPlugins (100ms)
				BeforeProcessingInitializeOnLoad (2ms)
				ProcessInitializeOnLoadAttributes (193ms)
				ProcessInitializeOnLoadMethodAttributes (60ms)
				AfterProcessingInitializeOnLoad (0ms)
				EditorAssembliesLoaded (0ms)
			ExecutionOrderSort2 (0ms)
			AwakeInstancesAfterBackupRestoration (0ms)
Platform modules already initialized, skipping
Registering precompiled user dll's ...
Registered in 0.001862 seconds.
Begin MonoManager ReloadAssembly
Symbol file LoadedFromMemory doesn't match image /Users/ruhiyusuf/projects/vr-3d-painting/Library/PackageCache/com.unity.visualscripting@1.8.0/Editor/VisualScripting.Core/Dependencies/YamlDotNet/Unity.VisualScripting.YamlDotNet.dll
Symbol file LoadedFromMemory doesn't match image /Users/ruhiyusuf/projects/vr-3d-painting/Library/PackageCache/com.unity.visualscripting@1.8.0/Editor/VisualScripting.Core/Dependencies/DotNetZip/Unity.VisualScripting.IonicZip.dll
Native extension for OSXStandalone target not found
Native extension for WebGL target not found
Refreshing native plugins compatible for Editor in 0.61 ms, found 2 plugins.
Preloading 0 native plugins for Editor in 0.00 ms.
Mono: successfully reloaded assembly
- Completed reload, in  1.434 seconds
Domain Reload Profiling:
	ReloadAssembly (1435ms)
		BeginReloadAssembly (149ms)
			ExecutionOrderSort (0ms)
			DisableScriptedObjects (8ms)
			BackupInstance (0ms)
			ReleaseScriptingObjects (0ms)
			CreateAndSetChildDomain (40ms)
		EndReloadAssembly (1142ms)
			LoadAssemblies (87ms)
			RebuildTransferFunctionScriptingTraits (0ms)
			SetupTypeCache (434ms)
			ReleaseScriptCaches (1ms)
			RebuildScriptCaches (72ms)
			SetupLoadedEditorAssemblies (497ms)
				LogAssemblyErrors (0ms)
				InitializePlatformSupportModulesInManaged (6ms)
				SetLoadedEditorAssemblies (1ms)
				RefreshPlugins (1ms)
				BeforeProcessingInitializeOnLoad (87ms)
				ProcessInitializeOnLoadAttributes (374ms)
				ProcessInitializeOnLoadMethodAttributes (28ms)
				AfterProcessingInitializeOnLoad (1ms)
				EditorAssembliesLoaded (0ms)
			ExecutionOrderSort2 (0ms)
			AwakeInstancesAfterBackupRestoration (5ms)
Platform modules already initialized, skipping
========================================================================
Worker process is ready to serve import requests
Launching external process: /Applications/Unity/Hub/Editor/2021.3.20f1/Unity.app/Contents/Tools/UnityShaderCompiler
Launched and connected shader compiler UnityShaderCompiler after 0.08 seconds
Refreshing native plugins compatible for Editor in 0.68 ms, found 2 plugins.
Preloading 0 native plugins for Editor in 0.00 ms.
Unloading 3058 Unused Serialized files (Serialized files now loaded: 0)
Unloading 24 unused Assets / (88.6 KB). Loaded Objects now: 3521.
Memory consumption went from 105.6 MB to 105.6 MB.
Total: 4.091981 ms (FindLiveObjects: 0.265177 ms CreateObjectMapping: 0.201735 ms MarkObjects: 3.437123 ms  DeleteObjects: 0.186373 ms)

AssetImportParameters requested are different than current active one (requested -> active):
  custom:video-decoder-ogg-theora: a1e56fd34408186e4bbccfd4996cb3dc -> 
  custom:container-muxer-webm: aa71ff27fc2769a1b78a27578f13a17b -> 
  custom:container-demuxer-webm: 4f35f7cbe854078d1ac9338744f61a02 -> 
  custom:video-encoder-webm-vp8: eb34c28f22e8b96e1ab97ce403110664 -> 
  custom:framework-osx-AVFoundation: e770b220cccbd017edd2c1fefb359320 -> 
  custom:audio-encoder-webm-vorbis: bf7c407c2cedff20999df2af8eb42d56 -> 
  custom:container-demuxer-ogg: 62fdf1f143b41e24485cea50d1cbac27 -> 
  custom:video-decoder-webm-vp8: 9c59270c3fd7afecdb556c50c9e8de78 -> 
  custom:audio-decoder-ogg-vorbis: bf7c407c2cedff20999df2af8eb42d56 -> 
========================================================================
Received Import Request.
  Time since last request: 339606.259652 seconds.
  path: Packages/com.unity.ext.nunit/package.json
  artifactKey: Guid(8143d3a8390f2c64685e3bc272bd9e90) Importer(815301076,1909f56bfc062723c751e8b465ee728b)
Start importing Packages/com.unity.ext.nunit/package.json using Guid(8143d3a8390f2c64685e3bc272bd9e90) Importer(815301076,1909f56bfc062723c751e8b465ee728b)  -> (artifact id: 'b40fc5629c4141466786b845dfe4fc31') in 0.848360 seconds 
========================================================================
Received Import Request.
  Time since last request: 0.000069 seconds.
  path: Packages/com.unity.ide.rider/package.json
  artifactKey: Guid(66c95bb3c74257f41bae2622511dc02d) Importer(815301076,1909f56bfc062723c751e8b465ee728b)
Start importing Packages/com.unity.ide.rider/package.json using Guid(66c95bb3c74257f41bae2622511dc02d) Importer(815301076,1909f56bfc062723c751e8b465ee728b)  -> (artifact id: '84743056ad88ae4384470c31d1e72007') in 0.002841 seconds 
========================================================================
Received Import Request.
  Time since last request: 14.251480 seconds.
  path: Assets/Jonathan Foust
  artifactKey: Guid(713100a503acc4536b867bac6b0e1bb0) Importer(815301076,1909f56bfc062723c751e8b465ee728b)
Start importing Assets/Jonathan Foust using Guid(713100a503acc4536b867bac6b0e1bb0) Importer(815301076,1909f56bfc062723c751e8b465ee728b)  -> (artifact id: '6d55555402473b5b68ada25dcbd2eb2d') in 0.000950 seconds 
========================================================================
Received Import Request.
  Time since last request: 0.893932 seconds.
  path: Assets/Jonathan Foust/Demo Scenes
  artifactKey: Guid(49c77f0532921ab4e97a9214745f00c2) Importer(815301076,1909f56bfc062723c751e8b465ee728b)
Start importing Assets/Jonathan Foust/Demo Scenes using Guid(49c77f0532921ab4e97a9214745f00c2) Importer(815301076,1909f56bfc062723c751e8b465ee728b)  -> (artifact id: '740957e6bf0b513ca61d588fc145f939') in 0.000914 seconds 
========================================================================
Received Import Request.
  Time since last request: 0.877075 seconds.
  path: Assets/Jonathan Foust/Demo Scenes/Grid Demo Scene.unity
  artifactKey: Guid(561c51f774d4fb44aa3d260ff4ffcd32) Importer(815301076,1909f56bfc062723c751e8b465ee728b)
Start importing Assets/Jonathan Foust/Demo Scenes/Grid Demo Scene.unity using Guid(561c51f774d4fb44aa3d260ff4ffcd32) Importer(815301076,1909f56bfc062723c751e8b465ee728b)  -> (artifact id: '466ab2a5fe3617ec93c8fdd178460bd8') in 0.000968 seconds 
========================================================================
Received Import Request.
  Time since last request: 4.879583 seconds.
  path: Assets/3d-render-stars-night-sky_599037-31.avif
  artifactKey: Guid(c6c90dbb780b14bb7b3bf23734f3e730) Importer(815301076,1909f56bfc062723c751e8b465ee728b)
Start importing Assets/3d-render-stars-night-sky_599037-31.avif using Guid(c6c90dbb780b14bb7b3bf23734f3e730) Importer(815301076,1909f56bfc062723c751e8b465ee728b)  -> (artifact id: 'a9261cd25d7e594138ccb319a521b939') in 0.850724 seconds 
========================================================================
Received Import Request.
  Time since last request: 17.658790 seconds.
  path: Assets/Scenes
  artifactKey: Guid(6ea315d0fd7389c41b19996891e99ae3) Importer(815301076,1909f56bfc062723c751e8b465ee728b)
Start importing Assets/Scenes using Guid(6ea315d0fd7389c41b19996891e99ae3) Importer(815301076,1909f56bfc062723c751e8b465ee728b)  -> (artifact id: 'b8193726cff86800c54781cdc6d54904') in 0.000950 seconds 
========================================================================
Received Import Request.
  Time since last request: 9.696843 seconds.
  path: Assets/Old Sea Port
  artifactKey: Guid(58e2d25a1a66841c99a5bb886d8bc5d3) Importer(815301076,1909f56bfc062723c751e8b465ee728b)
Start importing Assets/Old Sea Port using Guid(58e2d25a1a66841c99a5bb886d8bc5d3) Importer(815301076,1909f56bfc062723c751e8b465ee728b)  -> (artifact id: '72293bbf6bfca7ae3699f9cf15fe4fbc') in 0.001042 seconds 
========================================================================
Received Import Request.
  Time since last request: 32.916546 seconds.
  path: Assets/SRP_Flares_Pack/Scene
  artifactKey: Guid(86b87e20d5a67d449a653f1f967babab) Importer(815301076,1909f56bfc062723c751e8b465ee728b)
Start importing Assets/SRP_Flares_Pack/Scene using Guid(86b87e20d5a67d449a653f1f967babab) Importer(815301076,1909f56bfc062723c751e8b465ee728b)  -> (artifact id: '98376e7ef3645a044cd7512a9b8eaab0') in 0.000951 seconds 
========================================================================
Received Import Request.
  Time since last request: 1.577352 seconds.
  path: Assets/SRP_Flares_Pack/Scene/SRP_LensFlare_Sample.unity
  artifactKey: Guid(e06ec69b97c378e4fb4cc4a523a3f9c3) Importer(815301076,1909f56bfc062723c751e8b465ee728b)
Start importing Assets/SRP_Flares_Pack/Scene/SRP_LensFlare_Sample.unity using Guid(e06ec69b97c378e4fb4cc4a523a3f9c3) Importer(815301076,1909f56bfc062723c751e8b465ee728b)  -> (artifact id: 'c5d1b7b583c4868974a75af58b01e7c4') in 0.001002 seconds 
